<?xml version="1.0" encoding="UTF-8"?>
<!-- Generated by org.testng.reporters.JUnitXMLReporter -->
<testsuite ignored="4" hostname="DESKTOP-HH2KTU2" failures="0" tests="2" name="Test3" time="114.875" errors="0" timestamp="2022-03-16T12:53:26 IST">
  <testcase classname="com.crm.autodesk.contact.CreateContact" name="createContact" time="25.004"/>
  <testcase classname="com.crm.autodesk.contact.CreateContactWithOrgaTest" name="createContactWithOrga" time="44.093"/>
  <testcase classname="com.crm.autodesk.generic_utility.BaseClass" name="@AfterTest at" time="0.0">
    <ignored/>
  </testcase> <!-- @AfterTest at -->
  <testcase classname="com.crm.autodesk.generic_utility.BaseClass" name="@BeforeTest bt" time="0.0">
    <ignored/>
  </testcase> <!-- @BeforeTest bt -->
  <testcase classname="com.crm.autodesk.generic_utility.BaseClass" name="@AfterSuite as" time="0.0">
    <ignored/>
  </testcase> <!-- @AfterSuite as -->
  <testcase classname="com.crm.autodesk.generic_utility.BaseClass" name="@BeforeSuite bs" time="0.0">
    <ignored/>
  </testcase> <!-- @BeforeSuite bs -->
</testsuite> <!-- Test3 -->
