<?xml version="1.0" encoding="UTF-8"?>
<testng-results ignored="0" total="1" passed="1" failed="0" skipped="0">
  <reporter-output>
  </reporter-output>
  <suite started-at="2022-03-23T14:38:39 IST" name="Default suite" finished-at="2022-03-23T14:39:05 IST" duration-ms="25524">
    <groups>
    </groups>
    <test started-at="2022-03-23T14:38:39 IST" name="Default test" finished-at="2022-03-23T14:39:05 IST" duration-ms="25524">
      <class name="com.crm.autodesk.product.CreateProductWithQtyTest">
        <test-method is-config="true" signature="bs()[pri:0, instance:com.crm.autodesk.product.CreateProductWithQtyTest@47faa49c]" started-at="2022-03-23T14:38:39 IST" name="bs" finished-at="2022-03-23T14:38:39 IST" duration-ms="14" status="PASS">
          <reporter-output>
          </reporter-output>
        </test-method> <!-- bs -->
        <test-method is-config="true" signature="bt()[pri:0, instance:com.crm.autodesk.product.CreateProductWithQtyTest@47faa49c]" started-at="2022-03-23T14:38:39 IST" name="bt" finished-at="2022-03-23T14:38:39 IST" duration-ms="2" status="PASS">
          <reporter-output>
          </reporter-output>
        </test-method> <!-- bt -->
        <test-method is-config="true" signature="bc()[pri:0, instance:com.crm.autodesk.product.CreateProductWithQtyTest@47faa49c]" started-at="2022-03-23T14:38:40 IST" name="bc" finished-at="2022-03-23T14:38:45 IST" duration-ms="5013" status="PASS">
          <reporter-output>
          </reporter-output>
        </test-method> <!-- bc -->
        <test-method is-config="true" signature="bm()[pri:0, instance:com.crm.autodesk.product.CreateProductWithQtyTest@47faa49c]" started-at="2022-03-23T14:38:45 IST" name="bm" finished-at="2022-03-23T14:38:48 IST" duration-ms="3242" status="PASS">
          <reporter-output>
          </reporter-output>
        </test-method> <!-- bm -->
        <test-method signature="createProductWithQty()[pri:0, instance:com.crm.autodesk.product.CreateProductWithQtyTest@47faa49c]" started-at="2022-03-23T14:38:48 IST" name="createProductWithQty" finished-at="2022-03-23T14:39:02 IST" duration-ms="14021" status="PASS">
          <reporter-output>
          </reporter-output>
        </test-method> <!-- createProductWithQty -->
        <test-method is-config="true" signature="am()[pri:0, instance:com.crm.autodesk.product.CreateProductWithQtyTest@47faa49c]" started-at="2022-03-23T14:39:02 IST" name="am" finished-at="2022-03-23T14:39:05 IST" duration-ms="2788" status="PASS">
          <reporter-output>
          </reporter-output>
        </test-method> <!-- am -->
        <test-method is-config="true" signature="ac()[pri:0, instance:com.crm.autodesk.product.CreateProductWithQtyTest@47faa49c]" started-at="2022-03-23T14:39:05 IST" name="ac" finished-at="2022-03-23T14:39:05 IST" duration-ms="392" status="PASS">
          <reporter-output>
          </reporter-output>
        </test-method> <!-- ac -->
        <test-method is-config="true" signature="at()[pri:0, instance:com.crm.autodesk.product.CreateProductWithQtyTest@47faa49c]" started-at="2022-03-23T14:39:05 IST" name="at" finished-at="2022-03-23T14:39:05 IST" duration-ms="1" status="PASS">
          <reporter-output>
          </reporter-output>
        </test-method> <!-- at -->
        <test-method is-config="true" signature="as()[pri:0, instance:com.crm.autodesk.product.CreateProductWithQtyTest@47faa49c]" started-at="2022-03-23T14:39:05 IST" name="as" finished-at="2022-03-23T14:39:05 IST" duration-ms="0" status="PASS">
          <reporter-output>
          </reporter-output>
        </test-method> <!-- as -->
      </class> <!-- com.crm.autodesk.product.CreateProductWithQtyTest -->
    </test> <!-- Default test -->
  </suite> <!-- Default suite -->
</testng-results>
